mode: set
rest/pkg/handler/auth.go:13.42,16.48 2 1
rest/pkg/handler/auth.go:16.48,19.3 2 1
rest/pkg/handler/auth.go:20.2,20.47 1 1
rest/pkg/handler/auth.go:20.47,23.3 2 0
rest/pkg/handler/auth.go:24.2,25.16 2 1
rest/pkg/handler/auth.go:25.16,28.3 2 1
rest/pkg/handler/auth.go:29.2,31.4 1 1
rest/pkg/handler/auth.go:35.42,38.48 2 1
rest/pkg/handler/auth.go:38.48,41.3 2 1
rest/pkg/handler/auth.go:42.2,43.16 2 1
rest/pkg/handler/auth.go:43.16,46.3 2 1
rest/pkg/handler/auth.go:48.2,50.4 1 1
rest/pkg/handler/book.go:14.46,17.48 2 1
rest/pkg/handler/book.go:17.48,20.3 2 1
rest/pkg/handler/book.go:21.2,21.47 1 1
rest/pkg/handler/book.go:21.47,24.3 2 0
rest/pkg/handler/book.go:26.2,27.16 2 1
rest/pkg/handler/book.go:27.16,30.3 2 0
rest/pkg/handler/book.go:31.2,34.16 3 1
rest/pkg/handler/book.go:34.16,37.3 2 0
rest/pkg/handler/book.go:38.2,40.4 1 1
rest/pkg/handler/book.go:47.46,50.16 2 1
rest/pkg/handler/book.go:50.16,53.3 2 1
rest/pkg/handler/book.go:55.2,57.4 1 1
rest/pkg/handler/book.go:61.47,64.16 3 1
rest/pkg/handler/book.go:64.16,67.3 2 1
rest/pkg/handler/book.go:69.2,70.16 2 1
rest/pkg/handler/book.go:70.16,73.3 2 1
rest/pkg/handler/book.go:75.2,75.29 1 1
rest/pkg/handler/book.go:79.46,85.16 5 1
rest/pkg/handler/book.go:85.16,88.3 2 1
rest/pkg/handler/book.go:90.2,90.42 1 1
rest/pkg/handler/book.go:90.42,93.3 2 0
rest/pkg/handler/book.go:95.2,95.47 1 1
rest/pkg/handler/book.go:95.47,98.3 2 0
rest/pkg/handler/book.go:100.2,100.75 1 1
rest/pkg/handler/book.go:100.75,103.3 2 0
rest/pkg/handler/book.go:105.2,105.57 1 1
rest/pkg/handler/book.go:109.46,115.16 4 1
rest/pkg/handler/book.go:115.16,118.3 2 1
rest/pkg/handler/book.go:120.2,121.16 2 1
rest/pkg/handler/book.go:121.16,124.3 2 0
rest/pkg/handler/book.go:126.2,126.57 1 1
rest/pkg/handler/book.go:130.54,132.9 2 1
rest/pkg/handler/book.go:132.9,134.3 1 1
rest/pkg/handler/book.go:136.2,137.9 2 1
rest/pkg/handler/book.go:137.9,139.3 1 1
rest/pkg/handler/book.go:141.2,141.20 1 1
rest/pkg/handler/handler.go:13.53,15.2 1 1
rest/pkg/handler/handler.go:17.43,20.2 3 1
rest/pkg/handler/handler.go:20.2,24.3 2 1
rest/pkg/handler/handler.go:26.2,27.2 2 1
rest/pkg/handler/handler.go:27.2,35.3 5 1
rest/pkg/handler/handler.go:36.2,36.15 1 1
rest/pkg/handler/middleware.go:12.48,15.67 2 1
rest/pkg/handler/middleware.go:15.67,18.3 2 1
rest/pkg/handler/middleware.go:20.2,23.16 3 1
rest/pkg/handler/middleware.go:23.16,26.3 2 1
rest/pkg/handler/middleware.go:28.2,28.24 1 1
rest/pkg/service/auth.go:29.13,30.40 1 1
rest/pkg/service/auth.go:30.40,32.3 1 1
rest/pkg/service/auth.go:35.65,37.18 2 0
rest/pkg/service/auth.go:37.18,39.3 1 0
rest/pkg/service/auth.go:41.2,44.3 1 0
rest/pkg/service/auth.go:47.66,51.2 3 0
rest/pkg/service/auth.go:53.80,55.16 2 0
rest/pkg/service/auth.go:55.16,57.3 1 0
rest/pkg/service/auth.go:59.2,59.95 1 0
rest/pkg/service/auth.go:59.95,61.3 1 0
rest/pkg/service/auth.go:63.2,71.40 2 0
rest/pkg/service/auth.go:74.68,75.83 1 0
rest/pkg/service/auth.go:75.83,76.58 1 0
rest/pkg/service/auth.go:76.58,78.4 1 0
rest/pkg/service/auth.go:79.3,79.26 1 0
rest/pkg/service/auth.go:82.2,82.32 1 0
rest/pkg/service/auth.go:82.32,84.3 1 0
rest/pkg/service/auth.go:86.2,87.9 2 0
rest/pkg/service/auth.go:87.9,89.3 1 0
rest/pkg/service/auth.go:91.2,92.9 2 0
rest/pkg/service/auth.go:92.9,94.3 1 0
rest/pkg/service/auth.go:96.2,96.31 1 0
rest/pkg/service/auth.go:99.60,101.16 2 0
rest/pkg/service/auth.go:101.16,103.3 1 0
rest/pkg/service/auth.go:104.2,104.36 1 0
rest/pkg/service/book.go:12.56,14.2 1 0
rest/pkg/service/book.go:16.62,18.2 1 0
rest/pkg/service/book.go:20.55,22.2 1 0
rest/pkg/service/book.go:24.65,26.2 1 0
rest/pkg/service/book.go:28.62,30.2 1 0
rest/pkg/service/book.go:32.81,34.2 1 0
rest/pkg/service/service.go:29.56,34.2 1 0
rest/pkg/handler/auth.go:13.42,16.48 2 0
rest/pkg/handler/auth.go:16.48,19.3 2 0
rest/pkg/handler/auth.go:20.2,20.47 1 0
rest/pkg/handler/auth.go:20.47,23.3 2 0
rest/pkg/handler/auth.go:24.2,25.16 2 0
rest/pkg/handler/auth.go:25.16,28.3 2 0
rest/pkg/handler/auth.go:29.2,31.4 1 0
rest/pkg/handler/auth.go:35.42,38.48 2 0
rest/pkg/handler/auth.go:38.48,41.3 2 0
rest/pkg/handler/auth.go:42.2,43.16 2 0
rest/pkg/handler/auth.go:43.16,46.3 2 0
rest/pkg/handler/auth.go:48.2,50.4 1 0
rest/pkg/handler/book.go:14.46,17.48 2 0
rest/pkg/handler/book.go:17.48,20.3 2 0
rest/pkg/handler/book.go:21.2,21.47 1 0
rest/pkg/handler/book.go:21.47,24.3 2 0
rest/pkg/handler/book.go:26.2,27.16 2 0
rest/pkg/handler/book.go:27.16,30.3 2 0
rest/pkg/handler/book.go:31.2,34.16 3 0
rest/pkg/handler/book.go:34.16,37.3 2 0
rest/pkg/handler/book.go:38.2,40.4 1 0
rest/pkg/handler/book.go:47.46,50.16 2 0
rest/pkg/handler/book.go:50.16,53.3 2 0
rest/pkg/handler/book.go:55.2,57.4 1 0
rest/pkg/handler/book.go:61.47,64.16 3 0
rest/pkg/handler/book.go:64.16,67.3 2 0
rest/pkg/handler/book.go:69.2,70.16 2 0
rest/pkg/handler/book.go:70.16,73.3 2 0
rest/pkg/handler/book.go:75.2,75.29 1 0
rest/pkg/handler/book.go:79.46,85.16 5 0
rest/pkg/handler/book.go:85.16,88.3 2 0
rest/pkg/handler/book.go:90.2,90.42 1 0
rest/pkg/handler/book.go:90.42,93.3 2 0
rest/pkg/handler/book.go:95.2,95.47 1 0
rest/pkg/handler/book.go:95.47,98.3 2 0
rest/pkg/handler/book.go:100.2,100.75 1 0
rest/pkg/handler/book.go:100.75,103.3 2 0
rest/pkg/handler/book.go:105.2,105.57 1 0
rest/pkg/handler/book.go:109.46,115.16 4 0
rest/pkg/handler/book.go:115.16,118.3 2 0
rest/pkg/handler/book.go:120.2,121.16 2 0
rest/pkg/handler/book.go:121.16,124.3 2 0
rest/pkg/handler/book.go:126.2,126.57 1 0
rest/pkg/handler/book.go:130.54,132.9 2 0
rest/pkg/handler/book.go:132.9,134.3 1 0
rest/pkg/handler/book.go:136.2,137.9 2 0
rest/pkg/handler/book.go:137.9,139.3 1 0
rest/pkg/handler/book.go:141.2,141.20 1 0
rest/pkg/handler/handler.go:13.53,15.2 1 0
rest/pkg/handler/handler.go:17.43,20.2 3 0
rest/pkg/handler/handler.go:20.2,24.3 2 0
rest/pkg/handler/handler.go:26.2,27.2 2 0
rest/pkg/handler/handler.go:27.2,35.3 5 0
rest/pkg/handler/handler.go:36.2,36.15 1 0
rest/pkg/handler/middleware.go:12.48,15.67 2 0
rest/pkg/handler/middleware.go:15.67,18.3 2 0
rest/pkg/handler/middleware.go:20.2,23.16 3 0
rest/pkg/handler/middleware.go:23.16,26.3 2 0
rest/pkg/handler/middleware.go:28.2,28.24 1 0
rest/pkg/service/auth.go:29.13,30.40 1 1
rest/pkg/service/auth.go:30.40,32.3 1 1
rest/pkg/service/auth.go:35.65,37.18 2 1
rest/pkg/service/auth.go:37.18,39.3 1 0
rest/pkg/service/auth.go:41.2,44.3 1 1
rest/pkg/service/auth.go:47.66,51.2 3 1
rest/pkg/service/auth.go:53.80,55.16 2 1
rest/pkg/service/auth.go:55.16,57.3 1 1
rest/pkg/service/auth.go:59.2,59.95 1 1
rest/pkg/service/auth.go:59.95,61.3 1 1
rest/pkg/service/auth.go:63.2,71.40 2 1
rest/pkg/service/auth.go:74.68,75.83 1 1
rest/pkg/service/auth.go:75.83,76.58 1 1
rest/pkg/service/auth.go:76.58,78.4 1 0
rest/pkg/service/auth.go:79.3,79.26 1 1
rest/pkg/service/auth.go:82.2,82.32 1 1
rest/pkg/service/auth.go:82.32,84.3 1 1
rest/pkg/service/auth.go:86.2,87.9 2 1
rest/pkg/service/auth.go:87.9,89.3 1 0
rest/pkg/service/auth.go:91.2,92.9 2 1
rest/pkg/service/auth.go:92.9,94.3 1 1
rest/pkg/service/auth.go:96.2,96.31 1 1
rest/pkg/service/auth.go:99.60,101.16 2 1
rest/pkg/service/auth.go:101.16,103.3 1 0
rest/pkg/service/auth.go:104.2,104.36 1 1
rest/pkg/service/book.go:12.56,14.2 1 1
rest/pkg/service/book.go:16.62,18.2 1 1
rest/pkg/service/book.go:20.55,22.2 1 1
rest/pkg/service/book.go:24.65,26.2 1 1
rest/pkg/service/book.go:28.62,30.2 1 1
rest/pkg/service/book.go:32.81,34.2 1 1
rest/pkg/service/service.go:29.56,34.2 1 1
